INFO:root:This is a log file for recording the coordinations of each patch
INFO:root:patch name:/mnt/docker/PL_MTCD/6204_3495_13/Images/2018_01_01.tif
INFO:root:var boulder = ee.Geometry.Polygon([[[92.6433713624, 25.5166300774], [92.6739429588, 25.5167012718],[92.6740178488, 25.4889600962], [92.6434532740, 25.4888889900], [92.6433713624, 25.5166300774]]]);
INFO:root:patch name:/mnt/docker/PL_MTCD/5195_3388_13/Images/2018_01_01.tif
INFO:root:var boulder = ee.Geometry.Polygon([[[48.3016515714, 29.6824782890], [48.3333676209, 29.6831208407],[48.3340986318, 29.6554259761], [48.3023912512, 29.6547841426], [48.3016515714, 29.6824782890]]]);
INFO:root:patch name:/mnt/docker/PL_MTCD/2569_4513_13/Images/2018_01_01.tif
INFO:root:var boulder = ee.Geometry.Polygon([[[-67.0971675276, -18.0276989262], [-67.0681606140, -18.0274114224],[-67.0678575561, -18.0551621345], [-67.0968690134, -18.0554501104], [-67.0971675276, -18.0276989262]]]);
INFO:root:patch name:/mnt/docker/PL_MTCD/3830_3914_13/Images/2018_01_01.tif
INFO:root:var boulder = ee.Geometry.Polygon([[[-11.6814744898, 7.9642305510], [-11.6536305154, 7.9644097437],[-11.6534520227, 7.9366517245], [-11.6812941296, 7.9364731641], [-11.6814744898, 7.9642305510]]]);
INFO:root:patch name:/mnt/docker/PL_MTCD/4223_3246_13/Images/2018_01_01.tif
INFO:root:var boulder = ee.Geometry.Polygon([[[5.5866835175, 34.9541601209], [5.6202949248, 34.9534392066],[5.6194142753, 34.9257663921], [5.5858141335, 34.9264865695], [5.5866835175, 34.9541601209]]]);
INFO:root:patch name:/mnt/docker/PL_MTCD/2832_4366_13/Images/2018_01_01.tif
INFO:root:var boulder = ee.Geometry.Polygon([[[-55.5390747983, -11.7890360498], [-55.5108859773, -11.7888899427],[-55.5107360750, -11.8166621732], [-55.5389277312, -11.8168086341], [-55.5390747983, -11.7890360498]]]);
INFO:root:patch name:/mnt/docker/PL_MTCD/2065_3647_13/Images/2018_01_01.tif
INFO:root:var boulder = ee.Geometry.Polygon([[[-89.2457528654, 19.3455754389], [-89.2165265381, 19.3459334840],[-89.2161521173, 19.3181915954], [-89.2453735176, 19.3178341034], [-89.2457528654, 19.3455754389]]]);
INFO:root:patch name:/mnt/docker/PL_MTCD/4780_3377_13/Images/2018_01_01.tif
INFO:root:var boulder = ee.Geometry.Polygon([[[30.0670892367, 30.1016520338], [30.0989318914, 30.1023596148],[30.0997406835, 30.0746720376], [30.0679068754, 30.0739652404], [30.0670892367, 30.1016520338]]]);
INFO:root:patch name:/mnt/docker/PL_MTCD/2006_3280_13/Images/2018_01_01.tif
INFO:root:var boulder = ee.Geometry.Polygon([[[-91.8400856497, 33.7200696875], [-91.8069355555, 33.7197538758],[-91.8073185433, 33.6920524526], [-91.8404580018, 33.6923679356], [-91.8400856497, 33.7200696875]]]);
INFO:root:patch name:/mnt/docker/PL_MTCD/6761_3129_13/Images/2018_01_01.tif
INFO:root:var boulder = ee.Geometry.Polygon([[[117.1185098171, 39.0586297123], [117.1540158464, 39.0585882282],[117.1539557476, 39.0309056519], [117.1184635730, 39.0309470953], [117.1185098171, 39.0586297123]]]);
INFO:root:patch name:/mnt/docker/PL_MTCD/4062_3943_13/Images/2018_01_01.tif
INFO:root:var boulder = ee.Geometry.Polygon([[[-1.4860074254, 6.7003742313], [-1.4582214959, 6.7002877778],[-1.4583085697, 6.6725083397], [-1.4860929314, 6.6725944316], [-1.4860074254, 6.7003742313]]]);
INFO:root:patch name:/mnt/docker/PL_MTCD/2528_4620_13/Images/2018_01_01.tif
INFO:root:var boulder = ee.Geometry.Polygon([[[-68.8992187367, -22.4377768667], [-68.8693648730, -22.4377554749],[-68.8693388727, -22.4655080549], [-68.8991986782, -22.4655294759], [-68.8992187367, -22.4377768667]]]);
INFO:root:patch name:/mnt/docker/PL_MTCD/4127_2991_13/Images/2018_01_01.tif
INFO:root:var boulder = ee.Geometry.Polygon([[[1.3648630100, 43.6098715938], [1.4029160645, 43.6104096705],[1.4036473673, 43.5827596885], [1.3656117186, 43.5822221280], [1.3648630100, 43.6098715938]]]);
INFO:root:patch name:/mnt/docker/PL_MTCD/1487_3335_13/Images/2018_01_01.tif
INFO:root:var boulder = ee.Geometry.Polygon([[[-114.6471664332, 31.6862290080], [-114.6147809302, 31.6856272278],[-114.6154890020, 31.6579348751], [-114.6478649129, 31.6585360083], [-114.6471664332, 31.6862290080]]]);
INFO:root:patch name:/mnt/docker/PL_MTCD/2624_4314_13/Images/2018_01_01.tif
INFO:root:var boulder = ee.Geometry.Polygon([[[-64.6794417577, -9.5434598966], [-64.6514614965, -9.5435937861],[-64.6515954529, -9.5713678244], [-64.6795779811, -9.5712335381], [-64.6794417577, -9.5434598966]]]);
INFO:root:patch name:/mnt/docker/PL_MTCD/4254_2915_13/Images/2018_01_01.tif
INFO:root:var boulder = ee.Geometry.Polygon([[[6.9449924757, 45.9798915388], [6.9846266668, 45.9805976333],[6.9856288932, 45.9529655349], [6.9460143783, 45.9522601170], [6.9449924757, 45.9798915388]]]);
INFO:root:patch name:/mnt/docker/PL_MTCD/4881_3344_13/Images/2018_01_01.tif
INFO:root:var boulder = ee.Geometry.Polygon([[[34.5031525699, 31.3489066222], [34.5354382757, 31.3485242935],[34.5349883642, 31.3208163728], [34.5027121098, 31.3211982877], [34.5031525699, 31.3489066222]]]);
INFO:root:patch name:/mnt/docker/PL_MTCD/4421_3800_13/Images/2018_01_01.tif
INFO:root:var boulder = ee.Geometry.Polygon([[[14.2900041534, 12.8899072387], [14.3183183011, 12.8899824977],[14.3183933659, 12.8622049860], [14.2900823355, 12.8621298946], [14.2900041534, 12.8899072387]]]);
INFO:root:patch name:/mnt/docker/PL_MTCD/1311_3077_13/Images/2018_01_01.tif
INFO:root:var boulder = ee.Geometry.Polygon([[[-122.3837961691, 40.8111101651], [-122.3473749686, 40.8109098994],[-122.3476459247, 40.7832374103], [-122.3840520062, 40.7834374818], [-122.3837961691, 40.8111101651]]]);
INFO:root:patch name:/mnt/docker/PL_MTCD/6752_3115_13/Images/2018_01_01.tif
INFO:root:var boulder = ee.Geometry.Polygon([[[116.7200539985, 39.5347769613], [116.7558011148, 39.5348575546],[116.7558980311, 39.5071774008], [116.7201651015, 39.5070968863], [116.7200539985, 39.5347769613]]]);
INFO:root:patch name:/mnt/docker/PL_MTCD/7367_5050_13/Images/2018_01_01.tif
INFO:root:var boulder = ee.Geometry.Polygon([[[143.7489354237, -38.6206277006], [143.7841831363, -38.6197936696],[143.7852537390, -38.6474455261], [143.7499925145, -38.6482803776], [143.7489354237, -38.6206277006]]]);
INFO:root:patch name:/mnt/docker/PL_MTCD/6678_3579_13/Images/2018_01_01.tif
INFO:root:var boulder = ee.Geometry.Polygon([[[113.4741471134, 22.1404424162], [113.5039096730, 22.1399881708],[113.5034195663, 22.1122610304], [113.4736628178, 22.1127146483], [113.4741471134, 22.1404424162]]]);
INFO:root:patch name:/mnt/docker/PL_MTCD/5754_3601_13/Images/2018_01_01.tif
INFO:root:var boulder = ee.Geometry.Polygon([[[72.8683265014, 21.2404125521], [72.8979125927, 21.2407839976],[72.8983057087, 21.2130459977], [72.8687251402, 21.2126750830], [72.8683265014, 21.2404125521]]]);
INFO:root:patch name:/mnt/docker/PL_MTCD/4666_2369_13/Images/2018_01_01.tif
INFO:root:var boulder = ee.Geometry.Polygon([[[25.0422734680, 60.2204354749], [25.0976877412, 60.2212417757],[25.0992837061, 60.1936735481], [25.0439158520, 60.1928681420], [25.0422734680, 60.2204354749]]]);
INFO:root:patch name:/mnt/docker/PL_MTCD/4838_3506_13/Images/2018_01_01.tif
INFO:root:var boulder = ee.Geometry.Polygon([[[32.6141262695, 25.0795111964], [32.6445883283, 25.0795872685],[32.6446683655, 25.0518445343], [32.6142131662, 25.0517685577], [32.6141262695, 25.0795111964]]]);
INFO:root:patch name:/mnt/docker/PL_MTCD/1330_3107_13/Images/2018_01_01.tif
INFO:root:var boulder = ee.Geometry.Polygon([[[-121.5483825532, 39.8057222139], [-121.5125071199, 39.8052677792],[-121.5131030910, 39.7775980116], [-121.5489641631, 39.7780520032], [-121.5483825532, 39.8057222139]]]);
INFO:root:patch name:/mnt/docker/PL_MTCD/2196_3885_13/Images/2018_01_01.tif
INFO:root:var boulder = ee.Geometry.Polygon([[[-83.4881729111, 9.2243464584], [-83.4602325713, 9.2245387449],[-83.4600404285, 9.1967783211], [-83.4879785916, 9.1965866229], [-83.4881729111, 9.2243464584]]]);
INFO:root:patch name:/mnt/docker/PL_MTCD/2415_3082_13/Images/2018_01_01.tif
INFO:root:var boulder = ee.Geometry.Polygon([[[-73.8679865377, 40.6446455744], [-73.8316611275, 40.6442837283],[-73.8321433346, 40.6166144033], [-73.8684537602, 40.6169758984], [-73.8679865377, 40.6446455744]]]);
INFO:root:patch name:/mnt/docker/PL_MTCD/2789_4694_13/Images/2018_01_01.tif
INFO:root:var boulder = ee.Geometry.Polygon([[[-57.4297811819, -25.4095143141], [-57.3992368975, -25.4096004312],[-57.3993282903, -25.4373416812], [-57.4298795663, -25.4372554569], [-57.4297811819, -25.4095143141]]]);
INFO:root:patch name:/mnt/docker/PL_MTCD/6730_3430_13/Images/2018_01_01.tif
INFO:root:var boulder = ee.Geometry.Polygon([[[115.7581588522, 28.0663038635], [115.7894149733, 28.0665830797],[115.7897255186, 28.0388576478], [115.7584774105, 28.0385787555], [115.7581588522, 28.0663038635]]]);
INFO:root:patch name:/mnt/docker/PL_MTCD/5863_3800_13/Images/2018_01_01.tif
INFO:root:var boulder = ee.Geometry.Polygon([[[77.6593649010, 12.8900748415], [77.6876501394, 12.8897857827],[77.6873542870, 12.8620370328], [77.6590721532, 12.8623254487], [77.6593649010, 12.8900748415]]]);
INFO:root:patch name:/mnt/docker/PL_MTCD/6688_3456_13/Images/2018_01_01.tif
INFO:root:var boulder = ee.Geometry.Polygon([[[113.9131275073, 27.0537311528], [113.9440645277, 27.0530866443],[113.9433414139, 27.0253877068], [113.9124119659, 27.0260314496], [113.9131275073, 27.0537311528]]]);
INFO:root:patch name:/mnt/docker/PL_MTCD/2029_3764_13/Images/2018_01_01.tif
INFO:root:var boulder = ee.Geometry.Polygon([[[-90.8270908092, 14.4274078823], [-90.7986113763, 14.4271437724],[-90.7988838436, 14.3993883329], [-90.8273597585, 14.3996519136], [-90.8270908092, 14.4274078823]]]);
INFO:root:patch name:/mnt/docker/PL_MTCD/5125_4049_13/Images/2018_01_01.tif
INFO:root:var boulder = ee.Geometry.Polygon([[[45.2279008951, 2.0569131959], [45.2555256164, 2.0569089875],[45.2555212244, 2.0291162728], [45.2278969779, 2.0291204243], [45.2279008951, 2.0569131959]]]);
INFO:root:patch name:/mnt/docker/PL_MTCD/4169_3944_13/Images/2018_01_01.tif
INFO:root:var boulder = ee.Geometry.Polygon([[[3.2160996159, 6.6566616948], [3.2438928027, 6.6566487637],[3.2438791177, 6.6288594040], [3.2160874903, 6.6288722807], [3.2160996159, 6.6566616948]]]);
INFO:root:patch name:/mnt/docker/PL_MTCD/7312_3008_13/Images/2018_01_01.tif
INFO:root:var boulder = ee.Geometry.Polygon([[[141.3313123584, 43.0667133399], [141.3690418521, 43.0665978906],[141.3688760251, 43.0389350828], [141.3311634842, 43.0390504211], [141.3313123584, 43.0667133399]]]);
INFO:root:patch name:/mnt/docker/PL_MTCD/1286_2921_13/Images/2018_01_01.tif
INFO:root:var boulder = ee.Geometry.Polygon([[[-123.4842338999, 45.7965886352], [-123.4447063836, 45.7967493170],[-123.4444866050, 45.7691000374], [-123.4839945882, 45.7689395096], [-123.4842338999, 45.7965886352]]]);
INFO:root:patch name:/mnt/docker/PL_MTCD/2459_4406_13/Images/2018_01_01.tif
INFO:root:var boulder = ee.Geometry.Polygon([[[-71.9305113443, -13.5038050505], [-71.9021612857, -13.5041350736],[-71.9024972867, -13.5318773277], [-71.9308506162, -13.5315466017], [-71.9305113443, -13.5038050505]]]);
INFO:root:patch name:/mnt/docker/PL_MTCD/7517_4908_13/Images/2018_01_01.tif
INFO:root:var boulder = ee.Geometry.Polygon([[[150.3427761926, -33.5821205920], [150.3758453736, -33.5828267146],[150.3750064203, -33.6105054929], [150.3419266971, -33.6097986341], [150.3427761926, -33.5821205920]]]);
INFO:root:patch name:/mnt/docker/PL_MTCD/4523_4210_13/Images/2018_01_01.tif
INFO:root:var boulder = ee.Geometry.Polygon([[[18.7728333978, -5.0113605751], [18.8005251050, -5.0114543328],[18.8004319358, -5.0392249275], [18.7727390580, -5.0391306477], [18.7728333978, -5.0113605751]]]);
INFO:root:patch name:/mnt/docker/PL_MTCD/4240_3972_13/Images/2018_01_01.tif
INFO:root:var boulder = ee.Geometry.Polygon([[[6.3361924651, 5.4329696293], [6.3638936543, 5.4330912857],[6.3640141030, 5.4053300294], [6.3363141759, 5.4052089982], [6.3361924651, 5.4329696293]]]);
INFO:root:patch name:/mnt/docker/PL_MTCD/4768_4131_13/Images/2018_01_01.tif
INFO:root:var boulder = ee.Geometry.Polygon([[[29.5394091694, -1.5460145418], [29.5669988427, -1.5459811382],[29.5670325138, -1.5737462014], [29.5394424796, -1.5737802052], [29.5394091694, -1.5460145418]]]);
INFO:root:patch name:/mnt/docker/PL_MTCD/4791_3920_13/Images/2018_01_01.tif
INFO:root:var boulder = ee.Geometry.Polygon([[[30.5499568284, 7.7030211488], [30.5777884992, 7.7031794723],[30.5779460167, 7.6754161091], [30.5501161513, 7.6752583628], [30.5499568284, 7.7030211488]]]);
INFO:root:patch name:/mnt/docker/PL_MTCD/6475_3361_13/Images/2018_01_01.tif
INFO:root:var boulder = ee.Geometry.Polygon([[[104.5541730872, 30.7084146428], [104.5862539719, 30.7085208293],[104.5863721961, 30.6808008979], [104.5543004775, 30.6806948278], [104.5541730872, 30.7084146428]]]);
INFO:root:patch name:/mnt/docker/PL_MTCD/3998_3016_13/Images/2018_01_01.tif
INFO:root:var boulder = ee.Geometry.Polygon([[[-4.3037222087, 42.8090124505], [-4.2661583218, 42.8094340260],[-4.2655945099, 42.7817761610], [-4.3031416813, 42.7813549908], [-4.3037222087, 42.8090124505]]]);
INFO:root:patch name:/mnt/docker/PL_MTCD/4806_3588_13/Images/2018_01_01.tif
INFO:root:var boulder = ee.Geometry.Polygon([[[31.2081155834, 21.7732169791], [31.2378156716, 21.7735362391],[31.2381543482, 21.7457944269], [31.2084599607, 21.7454756141], [31.2081155834, 21.7732169791]]]);
INFO:root:patch name:/mnt/docker/PL_MTCD/5830_3834_13/Images/2018_01_01.tif
INFO:root:var boulder = ee.Geometry.Polygon([[[76.2091232343, 11.4293602332], [76.2372788920, 11.4292427096],[76.2371585480, 11.4014668110], [76.2090056272, 11.4015840417], [76.2091232343, 11.4293602332]]]);
INFO:root:patch name:/mnt/docker/PL_MTCD/4553_3325_13/Images/2018_01_01.tif
INFO:root:var boulder = ee.Geometry.Polygon([[[20.0885519960, 32.0590614710], [20.1210922346, 32.0592913012],[20.1213570284, 32.0315797587], [20.0888265901, 32.0313501743], [20.0885519960, 32.0590614710]]]);
INFO:root:patch name:/mnt/docker/PL_MTCD/4397_4302_13/Images/2018_01_01.tif
INFO:root:var boulder = ee.Geometry.Polygon([[[13.2356163142, -9.0230457435], [13.2635540910, -9.0231788572],[13.2634210440, -9.0509524768], [13.2354811292, -9.0508189467], [13.2356163142, -9.0230457435]]]);
INFO:root:patch name:/mnt/docker/PL_MTCD/4622_3159_13/Images/2018_01_01.tif
INFO:root:var boulder = ee.Geometry.Polygon([[[23.1201446198, 38.0276333247], [23.1551228609, 38.0269971135],[23.1543125468, 37.9993291739], [23.1193474331, 37.9999647562], [23.1201446198, 38.0276333247]]]);
INFO:root:patch name:/mnt/docker/PL_MTCD/4856_4087_13/Images/2018_01_01.tif
INFO:root:var boulder = ee.Geometry.Polygon([[[33.4066156836, 0.3874277568], [33.4342228505, 0.3874263778],[33.4342214865, 0.3596338456], [33.4066144063, 0.3596351256], [33.4066156836, 0.3874277568]]]);
INFO:root:patch name:/mnt/docker/PL_MTCD/6810_3478_13/Images/2018_01_01.tif
INFO:root:var boulder = ee.Geometry.Polygon([[[119.2744711009, 26.1892534292], [119.3051919691, 26.1887642986],[119.3046465920, 26.1610477790], [119.2739329766, 26.1615363148], [119.2744711009, 26.1892534292]]]);
INFO:root:patch name:/mnt/docker/PL_MTCD/5111_4560_13/Images/2018_01_01.tif
INFO:root:var boulder = ee.Geometry.Polygon([[[44.6118152101, -19.9800938142], [44.6411784562, -19.9801556496],[44.6411155678, -20.0079158278], [44.6117471758, -20.0078538993], [44.6118152101, -19.9800938142]]]);
INFO:root:patch name:/mnt/docker/PL_MTCD/5926_3715_13/Images/2018_01_01.tif
INFO:root:var boulder = ee.Geometry.Polygon([[[80.4274678439, 16.5026116060], [80.4562520784, 16.5026884505],[80.4563296026, 16.4749188402], [80.4275494715, 16.4748421322], [80.4274678439, 16.5026116060]]]);
INFO:root:patch name:/mnt/docker/PL_MTCD/8077_5007_13/Images/2018_01_01.tif
INFO:root:var boulder = ee.Geometry.Polygon([[[174.9513540053, -37.1286600757], [174.9859168439, -37.1292525673],[174.9851826551, -37.1569270656], [174.9506072388, -37.1563339829], [174.9513540053, -37.1286600757]]]);
INFO:root:patch name:/mnt/docker/PL_MTCD/1973_3709_13/Images/2018_01_01.tif
INFO:root:var boulder = ee.Geometry.Polygon([[[-93.2883493571, 16.7552980272], [-93.2595263761, 16.7553363033],[-93.2594887740, 16.7275663962], [-93.2883075791, 16.7275281871], [-93.2883493571, 16.7552980272]]]);
INFO:root:patch name:/mnt/docker/PL_MTCD/6824_4117_13/Images/2018_01_01.tif
INFO:root:var boulder = ee.Geometry.Polygon([[[119.8910030337, -0.9309362131], [119.9185782262, -0.9309133296],[119.9186014077, -0.9586703075], [119.8910259970, -0.9586938734], [119.8910030337, -0.9309362131]]]);
INFO:root:patch name:/mnt/docker/PL_MTCD/1417_3281_13/Images/2018_01_01.tif
INFO:root:var boulder = ee.Geometry.Polygon([[[-117.7241923490, 33.6832405368], [-117.6910518272, 33.6834303156],[-117.6908302849, 33.6557247263], [-117.7239601845, 33.6555351452], [-117.7241923490, 33.6832405368]]]);
INFO:root:patch name:/mnt/docker/PL_MTCD/6813_3313_13/Images/2018_01_01.tif
INFO:root:var boulder = ee.Geometry.Polygon([[[119.4053627152, 32.5022158958], [119.4380361103, 32.5015866949],[119.4372891327, 32.4738989879], [119.4046257246, 32.4745275217], [119.4053627152, 32.5022158958]]]);
INFO:root:patch name:/mnt/docker/PL_MTCD/4426_3835_13/Images/2018_01_01.tif
INFO:root:var boulder = ee.Geometry.Polygon([[[14.5098230863, 11.3861913336], [14.5379799778, 11.3862369094],[14.5380247454, 11.3584553212], [14.5098705818, 11.3584098595], [14.5098230863, 11.3861913336]]]);
INFO:root:patch name:/mnt/docker/PL_MTCD/6466_3380_13/Images/2018_01_01.tif
INFO:root:var boulder = ee.Geometry.Polygon([[[104.1563300809, 29.9877325002], [104.1881743243, 29.9879326805],[104.1883997023, 29.9602117592], [104.1565642969, 29.9600118015], [104.1563300809, 29.9877325002]]]);
INFO:root:patch name:/mnt/docker/PL_MTCD/2235_3403_13/Images/2018_01_01.tif
INFO:root:var boulder = ee.Geometry.Polygon([[[-81.7761220478, 29.1083384045], [-81.7445517697, 29.1085173948],[-81.7443523242, 29.0807923592], [-81.7759141475, 29.0806135717], [-81.7761220478, 29.1083384045]]]);
INFO:root:patch name:/mnt/docker/PL_MTCD/1700_3100_13/Images/2018_01_01.tif
INFO:root:var boulder = ee.Geometry.Polygon([[[-105.2890402910, 40.0414113254], [-105.2530300298, 40.0414955573],[-105.2529277897, 40.0138178455], [-105.2889235010, 40.0137336957], [-105.2890402910, 40.0414113254]]]);
INFO:root:patch name:/mnt/docker/PL_MTCD/6468_3360_13/Images/2018_01_01.tif
INFO:root:var boulder = ee.Geometry.Polygon([[[104.2427185169, 30.7461415535], [104.2748101214, 30.7463248878],[104.2750176453, 30.7186066207], [104.2429352222, 30.7184234871], [104.2427185169, 30.7461415535]]]);
INFO:root:patch name:/mnt/docker/PL_MTCD/5912_3937_13/Images/2018_01_01.tif
INFO:root:var boulder = ee.Geometry.Polygon([[[79.8127337666, 6.9620965088], [79.8405388921, 6.9621654863],[79.8406069666, 6.9343819496], [79.8128034727, 6.9343132500], [79.8127337666, 6.9620965088]]]);
INFO:root:patch name:/mnt/docker/PL_MTCD/7513_4968_13/Images/2018_01_01.tif
INFO:root:var boulder = ee.Geometry.Polygon([[[150.1666407974, -35.7501197021], [150.2005779378, -35.7509148563],[150.1996076907, -35.7785797620], [150.1656588262, -35.7777838027], [150.1666407974, -35.7501197021]]]);
INFO:root:patch name:/mnt/docker/PL_MTCD/7026_3201_13/Images/2018_01_01.tif
INFO:root:var boulder = ee.Geometry.Polygon([[[128.7645205202, 36.5587573233], [128.7988490803, 36.5588201785],[128.7989208185, 36.5311258983], [128.7646045010, 36.5310631062], [128.7645205202, 36.5587573233]]]);
INFO:root:patch name:/mnt/docker/PL_MTCD/6752_3104_13/Images/2018_01_01.tif
INFO:root:var boulder = ee.Geometry.Polygon([[[116.7226877731, 39.9066710292], [116.7586274236, 39.9067514033],[116.7587244894, 39.8790730219], [116.7227992913, 39.8789927261], [116.7226877731, 39.9066710292]]]);
INFO:root:patch name:/mnt/docker/PL_MTCD/3002_4273_13/Images/2018_01_01.tif
INFO:root:var boulder = ee.Geometry.Polygon([[[-48.0682054336, -7.7625288177], [-48.0403815835, -7.7623359381],[-48.0401869316, -7.7900868685], [-48.0680126052, -7.7902804460], [-48.0682054336, -7.7625288177]]]);
INFO:root:patch name:/mnt/docker/PL_MTCD/6381_3681_13/Images/2018_01_01.tif
INFO:root:var boulder = ee.Geometry.Polygon([[[100.4226225701, 17.9299955363], [100.4516206948, 17.9297811501],[100.4513946784, 17.9020231676], [100.4224010650, 17.9022372001], [100.4226225701, 17.9299955363]]]);
INFO:root:patch name:/mnt/docker/PL_MTCD/2470_5030_13/Images/2018_01_01.tif
INFO:root:var boulder = ee.Geometry.Polygon([[[-71.4500865607, -37.9300182439], [-71.4151614916, -37.9307406469],[-71.4160676297, -37.9584038696], [-71.4510057706, -37.9576807515], [-71.4500865607, -37.9300182439]]]);
INFO:root:patch name:/mnt/docker/PL_MTCD/2850_4139_13/Images/2018_01_01.tif
INFO:root:var boulder = ee.Geometry.Polygon([[[-54.7476949079, -1.8974172007], [-54.7200943233, -1.8973808143],[-54.7200576739, -1.9251517024], [-54.7476587012, -1.9251886218], [-54.7476949079, -1.8974172007]]]);
